<?xml version="1.0" encoding="UTF-8"?>
<!-- Generated by org.testng.reporters.JUnitReportReporter -->
<testsuite skipped="0" hostname="User" name="com.config.ScreenshotsCompar" tests="2" failures="0" timestamp="26 Aug 2020 17:41:29 GMT" time="71.601" errors="2">
  <testcase name="CompareImages" time="56.972" classname="com.config.ScreenshotsCompar">
    <error type="org.openqa.selenium.SessionNotCreatedException" message="session not created: This version of ChromeDriver only supports Chrome version 85
Build info: version: &#039;3.141.59&#039;, revision: &#039;e82be7d358&#039;, time: &#039;2018-11-14T08:17:03&#039;
System info: host: &#039;USER&#039;, ip: &#039;192.168.43.221&#039;, os.name: &#039;Windows 8.1&#039;, os.arch: &#039;amd64&#039;, os.version: &#039;6.3&#039;, java.version: &#039;1.8.0_261&#039;
Driver info: driver.version: ChromeDriver
remote stacktrace: Backtrace:
	Ordinal0 [0x0042D343+3134275]
	Ordinal0 [0x0031A131+2007345]
	Ordinal0 [0x001BAEC8+569032]
	Ordinal0 [0x0014139F+70559]
	Ordinal0 [0x0013CC63+52323]
	Ordinal0 [0x00160DFC+200188]
	Ordinal0 [0x00160C1D+199709]
	Ordinal0 [0x0015EB0B+191243]
	Ordinal0 [0x00142E77+77431]
	Ordinal0 [0x00143E3E+81470]
	Ordinal0 [0x00143DC9+81353]
	Ordinal0 [0x00330C99+2100377]
	GetHandleVerifier [0x0059B71A+1396954]
	GetHandleVerifier [0x0059B399+1396057]
	GetHandleVerifier [0x005A70E6+1444518]
	GetHandleVerifier [0x0059BCA8+1398376]
	Ordinal0 [0x00327F11+2064145]
	Ordinal0 [0x003322AB+2106027]
	Ordinal0 [0x003323D1+2106321]
	Ordinal0 [0x00344984+2181508]
	BaseThreadInitThunk [0x76BE7C04+36]
	RtlInitializeExceptionChain [0x7711AB8F+143]
	RtlInitializeExceptionChain [0x7711AB5A+90]
">
      <![CDATA[org.openqa.selenium.SessionNotCreatedException: session not created: This version of ChromeDriver only supports Chrome version 85
Build info: version: '3.141.59', revision: 'e82be7d358', time: '2018-11-14T08:17:03'
System info: host: 'USER', ip: '192.168.43.221', os.name: 'Windows 8.1', os.arch: 'amd64', os.version: '6.3', java.version: '1.8.0_261'
Driver info: driver.version: ChromeDriver
remote stacktrace: Backtrace:
Ordinal0 [0x0042D343+3134275]
Ordinal0 [0x0031A131+2007345]
Ordinal0 [0x001BAEC8+569032]
Ordinal0 [0x0014139F+70559]
Ordinal0 [0x0013CC63+52323]
Ordinal0 [0x00160DFC+200188]
Ordinal0 [0x00160C1D+199709]
Ordinal0 [0x0015EB0B+191243]
Ordinal0 [0x00142E77+77431]
Ordinal0 [0x00143E3E+81470]
Ordinal0 [0x00143DC9+81353]
Ordinal0 [0x00330C99+2100377]
GetHandleVerifier [0x0059B71A+1396954]
GetHandleVerifier [0x0059B399+1396057]
GetHandleVerifier [0x005A70E6+1444518]
GetHandleVerifier [0x0059BCA8+1398376]
Ordinal0 [0x00327F11+2064145]
Ordinal0 [0x003322AB+2106027]
Ordinal0 [0x003323D1+2106321]
Ordinal0 [0x00344984+2181508]
BaseThreadInitThunk [0x76BE7C04+36]
RtlInitializeExceptionChain [0x7711AB8F+143]
RtlInitializeExceptionChain [0x7711AB5A+90]

at sun.reflect.NativeConstructorAccessorImpl.newInstance0(Native Method)
at sun.reflect.NativeConstructorAccessorImpl.newInstance(NativeConstructorAccessorImpl.java:62)
at sun.reflect.DelegatingConstructorAccessorImpl.newInstance(DelegatingConstructorAccessorImpl.java:45)
at java.lang.reflect.Constructor.newInstance(Constructor.java:423)
at org.openqa.selenium.remote.W3CHandshakeResponse.lambda$errorHandler$0(W3CHandshakeResponse.java:62)
at org.openqa.selenium.remote.HandshakeResponse.lambda$getResponseFunction$0(HandshakeResponse.java:30)
at org.openqa.selenium.remote.ProtocolHandshake.lambda$createSession$0(ProtocolHandshake.java:126)
at java.util.stream.ReferencePipeline$3$1.accept(ReferencePipeline.java:193)
at java.util.Spliterators$ArraySpliterator.tryAdvance(Spliterators.java:958)
at java.util.stream.ReferencePipeline.forEachWithCancel(ReferencePipeline.java:126)
at java.util.stream.AbstractPipeline.copyIntoWithCancel(AbstractPipeline.java:499)
at java.util.stream.AbstractPipeline.copyInto(AbstractPipeline.java:486)
at java.util.stream.AbstractPipeline.wrapAndCopyInto(AbstractPipeline.java:472)
at java.util.stream.FindOps$FindOp.evaluateSequential(FindOps.java:152)
at java.util.stream.AbstractPipeline.evaluate(AbstractPipeline.java:234)
at java.util.stream.ReferencePipeline.findFirst(ReferencePipeline.java:464)
at org.openqa.selenium.remote.ProtocolHandshake.createSession(ProtocolHandshake.java:128)
at org.openqa.selenium.remote.ProtocolHandshake.createSession(ProtocolHandshake.java:74)
at org.openqa.selenium.remote.HttpCommandExecutor.execute(HttpCommandExecutor.java:136)
at org.openqa.selenium.remote.service.DriverCommandExecutor.execute(DriverCommandExecutor.java:83)
at org.openqa.selenium.remote.RemoteWebDriver.execute(RemoteWebDriver.java:552)
at org.openqa.selenium.remote.RemoteWebDriver.startSession(RemoteWebDriver.java:213)
at org.openqa.selenium.remote.RemoteWebDriver.<init>(RemoteWebDriver.java:131)
at org.openqa.selenium.chrome.ChromeDriver.<init>(ChromeDriver.java:181)
at org.openqa.selenium.chrome.ChromeDriver.<init>(ChromeDriver.java:168)
at org.openqa.selenium.chrome.ChromeDriver.<init>(ChromeDriver.java:123)
at com.config.ScreenshotsCompar.CompareImages(ScreenshotsCompar.java:46)
at sun.reflect.NativeMethodAccessorImpl.invoke0(Native Method)
at sun.reflect.NativeMethodAccessorImpl.invoke(NativeMethodAccessorImpl.java:62)
at sun.reflect.DelegatingMethodAccessorImpl.invoke(DelegatingMethodAccessorImpl.java:43)
at java.lang.reflect.Method.invoke(Method.java:498)
at org.testng.internal.MethodInvocationHelper.invokeMethod(MethodInvocationHelper.java:124)
at org.testng.internal.Invoker.invokeMethod(Invoker.java:583)
at org.testng.internal.Invoker.invokeTestMethod(Invoker.java:719)
at org.testng.internal.Invoker.invokeTestMethods(Invoker.java:989)
at org.testng.internal.TestMethodWorker.invokeTestMethods(TestMethodWorker.java:125)
at org.testng.internal.TestMethodWorker.run(TestMethodWorker.java:109)
at org.testng.TestRunner.privateRun(TestRunner.java:648)
at org.testng.TestRunner.run(TestRunner.java:505)
at org.testng.SuiteRunner.runTest(SuiteRunner.java:455)
at org.testng.SuiteRunner.runSequentially(SuiteRunner.java:450)
at org.testng.SuiteRunner.privateRun(SuiteRunner.java:415)
at org.testng.SuiteRunner.run(SuiteRunner.java:364)
at org.testng.SuiteRunnerWorker.runSuite(SuiteRunnerWorker.java:52)
at org.testng.SuiteRunnerWorker.run(SuiteRunnerWorker.java:84)
at org.testng.TestNG.runSuitesSequentially(TestNG.java:1208)
at org.testng.TestNG.runSuitesLocally(TestNG.java:1137)
at org.testng.TestNG.runSuites(TestNG.java:1049)
at org.testng.TestNG.run(TestNG.java:1017)
at org.testng.remote.AbstractRemoteTestNG.run(AbstractRemoteTestNG.java:115)
at org.testng.remote.RemoteTestNG.initAndRun(RemoteTestNG.java:251)
at org.testng.remote.RemoteTestNG.main(RemoteTestNG.java:77)
]]>
    </error>
  </testcase> <!-- CompareImages -->
  <testcase name="specificWebElementImage" time="14.629" classname="com.config.ScreenshotsCompar">
    <error type="org.openqa.selenium.SessionNotCreatedException" message="session not created: This version of ChromeDriver only supports Chrome version 85
Build info: version: &#039;3.141.59&#039;, revision: &#039;e82be7d358&#039;, time: &#039;2018-11-14T08:17:03&#039;
System info: host: &#039;USER&#039;, ip: &#039;192.168.43.221&#039;, os.name: &#039;Windows 8.1&#039;, os.arch: &#039;amd64&#039;, os.version: &#039;6.3&#039;, java.version: &#039;1.8.0_261&#039;
Driver info: driver.version: ChromeDriver
remote stacktrace: Backtrace:
	Ordinal0 [0x0042D343+3134275]
	Ordinal0 [0x0031A131+2007345]
	Ordinal0 [0x001BAEC8+569032]
	Ordinal0 [0x0014139F+70559]
	Ordinal0 [0x0013CC63+52323]
	Ordinal0 [0x00160DFC+200188]
	Ordinal0 [0x00160C1D+199709]
	Ordinal0 [0x0015EB0B+191243]
	Ordinal0 [0x00142E77+77431]
	Ordinal0 [0x00143E3E+81470]
	Ordinal0 [0x00143DC9+81353]
	Ordinal0 [0x00330C99+2100377]
	GetHandleVerifier [0x0059B71A+1396954]
	GetHandleVerifier [0x0059B399+1396057]
	GetHandleVerifier [0x005A70E6+1444518]
	GetHandleVerifier [0x0059BCA8+1398376]
	Ordinal0 [0x00327F11+2064145]
	Ordinal0 [0x003322AB+2106027]
	Ordinal0 [0x003323D1+2106321]
	Ordinal0 [0x00344984+2181508]
	BaseThreadInitThunk [0x76BE7C04+36]
	RtlInitializeExceptionChain [0x7711AB8F+143]
	RtlInitializeExceptionChain [0x7711AB5A+90]
">
      <![CDATA[org.openqa.selenium.SessionNotCreatedException: session not created: This version of ChromeDriver only supports Chrome version 85
Build info: version: '3.141.59', revision: 'e82be7d358', time: '2018-11-14T08:17:03'
System info: host: 'USER', ip: '192.168.43.221', os.name: 'Windows 8.1', os.arch: 'amd64', os.version: '6.3', java.version: '1.8.0_261'
Driver info: driver.version: ChromeDriver
remote stacktrace: Backtrace:
Ordinal0 [0x0042D343+3134275]
Ordinal0 [0x0031A131+2007345]
Ordinal0 [0x001BAEC8+569032]
Ordinal0 [0x0014139F+70559]
Ordinal0 [0x0013CC63+52323]
Ordinal0 [0x00160DFC+200188]
Ordinal0 [0x00160C1D+199709]
Ordinal0 [0x0015EB0B+191243]
Ordinal0 [0x00142E77+77431]
Ordinal0 [0x00143E3E+81470]
Ordinal0 [0x00143DC9+81353]
Ordinal0 [0x00330C99+2100377]
GetHandleVerifier [0x0059B71A+1396954]
GetHandleVerifier [0x0059B399+1396057]
GetHandleVerifier [0x005A70E6+1444518]
GetHandleVerifier [0x0059BCA8+1398376]
Ordinal0 [0x00327F11+2064145]
Ordinal0 [0x003322AB+2106027]
Ordinal0 [0x003323D1+2106321]
Ordinal0 [0x00344984+2181508]
BaseThreadInitThunk [0x76BE7C04+36]
RtlInitializeExceptionChain [0x7711AB8F+143]
RtlInitializeExceptionChain [0x7711AB5A+90]

at sun.reflect.NativeConstructorAccessorImpl.newInstance0(Native Method)
at sun.reflect.NativeConstructorAccessorImpl.newInstance(NativeConstructorAccessorImpl.java:62)
at sun.reflect.DelegatingConstructorAccessorImpl.newInstance(DelegatingConstructorAccessorImpl.java:45)
at java.lang.reflect.Constructor.newInstance(Constructor.java:423)
at org.openqa.selenium.remote.W3CHandshakeResponse.lambda$errorHandler$0(W3CHandshakeResponse.java:62)
at org.openqa.selenium.remote.HandshakeResponse.lambda$getResponseFunction$0(HandshakeResponse.java:30)
at org.openqa.selenium.remote.ProtocolHandshake.lambda$createSession$0(ProtocolHandshake.java:126)
at java.util.stream.ReferencePipeline$3$1.accept(ReferencePipeline.java:193)
at java.util.Spliterators$ArraySpliterator.tryAdvance(Spliterators.java:958)
at java.util.stream.ReferencePipeline.forEachWithCancel(ReferencePipeline.java:126)
at java.util.stream.AbstractPipeline.copyIntoWithCancel(AbstractPipeline.java:499)
at java.util.stream.AbstractPipeline.copyInto(AbstractPipeline.java:486)
at java.util.stream.AbstractPipeline.wrapAndCopyInto(AbstractPipeline.java:472)
at java.util.stream.FindOps$FindOp.evaluateSequential(FindOps.java:152)
at java.util.stream.AbstractPipeline.evaluate(AbstractPipeline.java:234)
at java.util.stream.ReferencePipeline.findFirst(ReferencePipeline.java:464)
at org.openqa.selenium.remote.ProtocolHandshake.createSession(ProtocolHandshake.java:128)
at org.openqa.selenium.remote.ProtocolHandshake.createSession(ProtocolHandshake.java:74)
at org.openqa.selenium.remote.HttpCommandExecutor.execute(HttpCommandExecutor.java:136)
at org.openqa.selenium.remote.service.DriverCommandExecutor.execute(DriverCommandExecutor.java:83)
at org.openqa.selenium.remote.RemoteWebDriver.execute(RemoteWebDriver.java:552)
at org.openqa.selenium.remote.RemoteWebDriver.startSession(RemoteWebDriver.java:213)
at org.openqa.selenium.remote.RemoteWebDriver.<init>(RemoteWebDriver.java:131)
at org.openqa.selenium.chrome.ChromeDriver.<init>(ChromeDriver.java:181)
at org.openqa.selenium.chrome.ChromeDriver.<init>(ChromeDriver.java:168)
at org.openqa.selenium.chrome.ChromeDriver.<init>(ChromeDriver.java:123)
at com.config.ScreenshotsCompar.specificWebElementImage(ScreenshotsCompar.java:28)
at sun.reflect.NativeMethodAccessorImpl.invoke0(Native Method)
at sun.reflect.NativeMethodAccessorImpl.invoke(NativeMethodAccessorImpl.java:62)
at sun.reflect.DelegatingMethodAccessorImpl.invoke(DelegatingMethodAccessorImpl.java:43)
at java.lang.reflect.Method.invoke(Method.java:498)
at org.testng.internal.MethodInvocationHelper.invokeMethod(MethodInvocationHelper.java:124)
at org.testng.internal.Invoker.invokeMethod(Invoker.java:583)
at org.testng.internal.Invoker.invokeTestMethod(Invoker.java:719)
at org.testng.internal.Invoker.invokeTestMethods(Invoker.java:989)
at org.testng.internal.TestMethodWorker.invokeTestMethods(TestMethodWorker.java:125)
at org.testng.internal.TestMethodWorker.run(TestMethodWorker.java:109)
at org.testng.TestRunner.privateRun(TestRunner.java:648)
at org.testng.TestRunner.run(TestRunner.java:505)
at org.testng.SuiteRunner.runTest(SuiteRunner.java:455)
at org.testng.SuiteRunner.runSequentially(SuiteRunner.java:450)
at org.testng.SuiteRunner.privateRun(SuiteRunner.java:415)
at org.testng.SuiteRunner.run(SuiteRunner.java:364)
at org.testng.SuiteRunnerWorker.runSuite(SuiteRunnerWorker.java:52)
at org.testng.SuiteRunnerWorker.run(SuiteRunnerWorker.java:84)
at org.testng.TestNG.runSuitesSequentially(TestNG.java:1208)
at org.testng.TestNG.runSuitesLocally(TestNG.java:1137)
at org.testng.TestNG.runSuites(TestNG.java:1049)
at org.testng.TestNG.run(TestNG.java:1017)
at org.testng.remote.AbstractRemoteTestNG.run(AbstractRemoteTestNG.java:115)
at org.testng.remote.RemoteTestNG.initAndRun(RemoteTestNG.java:251)
at org.testng.remote.RemoteTestNG.main(RemoteTestNG.java:77)
]]>
    </error>
  </testcase> <!-- specificWebElementImage -->
</testsuite> <!-- com.config.ScreenshotsCompar -->
